bgpcep-csit-1node-bgp-ingest-all-sulfur,
bgpcep-csit-1node-bgp-ingest-mixed-all-sulfur,
bgpcep-csit-1node-throughpcep-all-sulfur,
bgpcep-csit-1node-userfeatures-all-sulfur,
daexim-csit-1node-basic-only-sulfur,
daexim-csit-3node-clustering-basic-only-sulfur,
distribution-csit-managed-sulfur,
jsonrpc-csit-1node-basic-only-sulfur,
openflowplugin-csit-1node-cbench-only-sulfur,
openflowplugin-csit-1node-flow-services-all-sulfur,
openflowplugin-csit-1node-perf-bulkomatic-only-sulfur,
openflowplugin-csit-1node-perf-stats-collection-only-sulfur,
openflowplugin-csit-1node-scale-link-only-sulfur,
openflowplugin-csit-1node-scale-only-sulfur,
openflowplugin-csit-1node-scale-switch-only-sulfur,
openflowplugin-csit-3node-clustering-bulkomatic-only-sulfur,
openflowplugin-csit-3node-clustering-only-sulfur,
openflowplugin-csit-3node-clustering-perf-bulkomatic-only-sulfur,
ovsdb-csit-1node-upstream-southbound-all-sulfur,
ovsdb-csit-3node-upstream-clustering-only-sulfur,
