bgpcep-csit-1node-bgp-ingest-all-calcium,
bgpcep-csit-1node-bgp-ingest-mixed-all-calcium,
bgpcep-csit-1node-throughpcep-all-calcium,
bgpcep-csit-1node-userfeatures-all-calcium,
daexim-csit-1node-basic-only-calcium,
daexim-csit-3node-clustering-basic-only-calcium,
distribution-csit-managed-calcium,
jsonrpc-csit-1node-basic-only-calcium,
openflowplugin-csit-1node-cbench-only-calcium,
openflowplugin-csit-1node-flow-services-all-calcium,
openflowplugin-csit-1node-perf-bulkomatic-only-calcium,
openflowplugin-csit-1node-perf-stats-collection-only-calcium,
openflowplugin-csit-1node-scale-link-only-calcium,
openflowplugin-csit-1node-scale-only-calcium,
openflowplugin-csit-1node-scale-switch-only-calcium,
openflowplugin-csit-3node-clustering-bulkomatic-only-calcium,
openflowplugin-csit-3node-clustering-only-calcium,
openflowplugin-csit-3node-clustering-perf-bulkomatic-only-calcium,
ovsdb-csit-1node-upstream-southbound-all-calcium,
ovsdb-csit-3node-upstream-clustering-only-calcium,
