aaa-csit-1node-authn-all-phosphorus,
bgpcep-csit-1node-bgp-ingest-all-phosphorus,
bgpcep-csit-1node-bgp-ingest-mixed-all-phosphorus,
bgpcep-csit-1node-throughpcep-all-phosphorus,
bgpcep-csit-1node-userfeatures-all-phosphorus,
daexim-csit-1node-basic-only-phosphorus,
daexim-csit-3node-clustering-basic-only-phosphorus,
jsonrpc-csit-1node-basic-only-phosphorus,
netconf-csit-1node-callhome-only-phosphorus,
netconf-csit-1node-scale-max-devices-only-phosphorus,
netconf-csit-1node-scale-only-phosphorus,
netconf-csit-1node-userfeatures-all-phosphorus,
netconf-csit-1node-userfeatures-rfc8040-all-phosphorus,
netconf-csit-3node-clustering-only-phosphorus,
netconf-csit-3node-clustering-scale-only-phosphorus,
odltools-csit-1node-upstream-all-phosphorus,
openflowplugin-csit-1node-cbench-only-phosphorus,
openflowplugin-csit-1node-flow-services-all-phosphorus,
openflowplugin-csit-1node-perf-bulkomatic-only-phosphorus,
openflowplugin-csit-1node-perf-stats-collection-only-phosphorus,
openflowplugin-csit-1node-scale-link-only-phosphorus,
openflowplugin-csit-1node-scale-only-phosphorus,
openflowplugin-csit-1node-scale-switch-only-phosphorus,
openflowplugin-csit-3node-clustering-bulkomatic-only-phosphorus,
openflowplugin-csit-3node-clustering-only-phosphorus,
openflowplugin-csit-3node-clustering-perf-bulkomatic-only-phosphorus,
ovsdb-csit-1node-upstream-southbound-all-phosphorus,
ovsdb-csit-3node-upstream-clustering-only-phosphorus,
