bgpcep-csit-1node-bgp-ingest-all-argon,
bgpcep-csit-1node-bgp-ingest-mixed-all-argon,
bgpcep-csit-1node-throughpcep-all-argon,
bgpcep-csit-1node-userfeatures-all-argon,
daexim-csit-1node-basic-only-argon,
daexim-csit-3node-clustering-basic-only-argon,
distribution-csit-managed-argon,
jsonrpc-csit-1node-basic-only-argon,
openflowplugin-csit-1node-cbench-only-argon,
openflowplugin-csit-1node-flow-services-all-argon,
openflowplugin-csit-1node-perf-bulkomatic-only-argon,
openflowplugin-csit-1node-perf-stats-collection-only-argon,
openflowplugin-csit-1node-scale-link-only-argon,
openflowplugin-csit-1node-scale-only-argon,
openflowplugin-csit-1node-scale-switch-only-argon,
openflowplugin-csit-3node-clustering-bulkomatic-only-argon,
openflowplugin-csit-3node-clustering-only-argon,
openflowplugin-csit-3node-clustering-perf-bulkomatic-only-argon,
ovsdb-csit-1node-upstream-southbound-all-argon,
ovsdb-csit-3node-upstream-clustering-only-argon,
