XML FILE: repos/aaa/pom.xml
NEW VERSION LINK: https://repo1.maven.org/maven2/org/opendaylight/odlparent/odlparent-lite/
('PARENT-GROUP ID:', 'org.opendaylight.odlparent', 'ARTIFACT ID:', 'odlparent-lite', 'VERSION:', '10.0.5', 'NEW VERSION:', '12.0.1')
****************************************************************************************************
XML FILE: repos/aaa/features/pom.xml
NEW VERSION LINK: https://repo1.maven.org/maven2/org/opendaylight/odlparent/odlparent-lite/
('PARENT-GROUP ID:', 'org.opendaylight.odlparent', 'ARTIFACT ID:', 'odlparent-lite', 'VERSION:', '10.0.5', 'NEW VERSION:', '12.0.1')
****************************************************************************************************
XML FILE: repos/aaa/features/features-aaa/pom.xml
NEW VERSION LINK: https://repo1.maven.org/maven2/org/opendaylight/odlparent/feature-repo-parent/
('PARENT-GROUP ID:', 'org.opendaylight.odlparent', 'ARTIFACT ID:', 'feature-repo-parent', 'VERSION:', '10.0.5', 'NEW VERSION:', '12.0.1')
****************************************************************************************************
XML FILE: repos/aaa/features/odl-aaa-api/pom.xml
NEW VERSION LINK: https://repo1.maven.org/maven2/org/opendaylight/odlparent/single-feature-parent/
('PARENT-GROUP ID:', 'org.opendaylight.odlparent', 'ARTIFACT ID:', 'single-feature-parent', 'VERSION:', '10.0.5', 'NEW VERSION:', '12.0.1')
****************************************************************************************************
XML FILE: repos/aaa/features/odl-aaa-api/pom.xml
NEW VERSION LINK: https://repo1.maven.org/maven2/org/opendaylight/mdsal/odl-mdsal-binding-base/
('DEPENDENCY-GROUP ID:', 'org.opendaylight.mdsal', 'ARTIFACT ID:', 'odl-mdsal-binding-base', 'VERSION:', '9.0.7', 'NEW VERSION:', '11.0.2')
****************************************************************************************************
XML FILE: repos/aaa/features/odl-aaa-cert/pom.xml
NEW VERSION LINK: https://repo1.maven.org/maven2/org/opendaylight/odlparent/single-feature-parent/
('PARENT-GROUP ID:', 'org.opendaylight.odlparent', 'ARTIFACT ID:', 'single-feature-parent', 'VERSION:', '10.0.5', 'NEW VERSION:', '12.0.1')
****************************************************************************************************
XML FILE: repos/aaa/features/odl-aaa-cert/pom.xml
NEW VERSION LINK: https://repo1.maven.org/maven2/org/opendaylight/controller/odl-mdsal-broker/
('DEPENDENCY-GROUP ID:', 'org.opendaylight.controller', 'ARTIFACT ID:', 'odl-mdsal-broker', 'VERSION:', '5.0.8', 'NEW VERSION:', '7.0.0')
****************************************************************************************************
XML FILE: repos/aaa/features/odl-apache-shiro/pom.xml
NEW VERSION LINK: https://repo1.maven.org/maven2/org/opendaylight/odlparent/single-feature-parent/
('PARENT-GROUP ID:', 'org.opendaylight.odlparent', 'ARTIFACT ID:', 'single-feature-parent', 'VERSION:', '10.0.5', 'NEW VERSION:', '12.0.1')
****************************************************************************************************
XML FILE: repos/aaa/features/odl-aaa-encryption-service/pom.xml
NEW VERSION LINK: https://repo1.maven.org/maven2/org/opendaylight/odlparent/single-feature-parent/
('PARENT-GROUP ID:', 'org.opendaylight.odlparent', 'ARTIFACT ID:', 'single-feature-parent', 'VERSION:', '10.0.5', 'NEW VERSION:', '12.0.1')
****************************************************************************************************
XML FILE: repos/aaa/features/odl-aaa-cli/pom.xml
NEW VERSION LINK: https://repo1.maven.org/maven2/org/opendaylight/odlparent/single-feature-parent/
('PARENT-GROUP ID:', 'org.opendaylight.odlparent', 'ARTIFACT ID:', 'single-feature-parent', 'VERSION:', '10.0.5', 'NEW VERSION:', '12.0.1')
****************************************************************************************************
XML FILE: repos/aaa/features/odl-aaa-web/pom.xml
NEW VERSION LINK: https://repo1.maven.org/maven2/org/opendaylight/odlparent/single-feature-parent/
('PARENT-GROUP ID:', 'org.opendaylight.odlparent', 'ARTIFACT ID:', 'single-feature-parent', 'VERSION:', '10.0.5', 'NEW VERSION:', '12.0.1')
****************************************************************************************************
XML FILE: repos/aaa/features/odl-aaa-password-service/pom.xml
NEW VERSION LINK: https://repo1.maven.org/maven2/org/opendaylight/odlparent/single-feature-parent/
('PARENT-GROUP ID:', 'org.opendaylight.odlparent', 'ARTIFACT ID:', 'single-feature-parent', 'VERSION:', '10.0.5', 'NEW VERSION:', '12.0.1')
****************************************************************************************************
XML FILE: repos/aaa/features/odl-aaa-password-service/pom.xml
NEW VERSION LINK: https://repo1.maven.org/maven2/org/opendaylight/mdsal/odl-mdsal-binding-base/
('DEPENDENCY-GROUP ID:', 'org.opendaylight.mdsal', 'ARTIFACT ID:', 'odl-mdsal-binding-base', 'VERSION:', '9.0.7', 'NEW VERSION:', '11.0.2')
****************************************************************************************************
XML FILE: repos/aaa/features/odl-aaa-password-service/pom.xml
NEW VERSION LINK: https://repo1.maven.org/maven2/org/opendaylight/controller/odl-mdsal-broker/
('DEPENDENCY-GROUP ID:', 'org.opendaylight.controller', 'ARTIFACT ID:', 'odl-mdsal-broker', 'VERSION:', '5.0.8', 'NEW VERSION:', '7.0.0')
****************************************************************************************************
XML FILE: repos/aaa/features/odl-aaa-shiro/pom.xml
NEW VERSION LINK: https://repo1.maven.org/maven2/org/opendaylight/odlparent/single-feature-parent/
('PARENT-GROUP ID:', 'org.opendaylight.odlparent', 'ARTIFACT ID:', 'single-feature-parent', 'VERSION:', '10.0.5', 'NEW VERSION:', '12.0.1')
****************************************************************************************************
XML FILE: repos/aaa/parent/pom.xml
NEW VERSION LINK: https://repo1.maven.org/maven2/org/opendaylight/mdsal/binding-parent/
('PARENT-GROUP ID:', 'org.opendaylight.mdsal', 'ARTIFACT ID:', 'binding-parent', 'VERSION:', '9.0.7', 'NEW VERSION:', '11.0.2')
****************************************************************************************************
XML FILE: repos/aaa/aaa-password-service/pom.xml
NEW VERSION LINK: https://repo1.maven.org/maven2/org/opendaylight/odlparent/odlparent-lite/
('PARENT-GROUP ID:', 'org.opendaylight.odlparent', 'ARTIFACT ID:', 'odlparent-lite', 'VERSION:', '10.0.5', 'NEW VERSION:', '12.0.1')
****************************************************************************************************
XML FILE: repos/aaa/karaf/pom.xml
NEW VERSION LINK: https://repo1.maven.org/maven2/org/opendaylight/odlparent/karaf4-parent/
('PARENT-GROUP ID:', 'org.opendaylight.odlparent', 'ARTIFACT ID:', 'karaf4-parent', 'VERSION:', '10.0.5', 'NEW VERSION:', '12.0.1')
****************************************************************************************************
XML FILE: repos/aaa/docs/pom.xml
NEW VERSION LINK: https://repo1.maven.org/maven2/org/opendaylight/odlparent/odlparent/
('PARENT-GROUP ID:', 'org.opendaylight.odlparent', 'ARTIFACT ID:', 'odlparent', 'VERSION:', '10.0.5', 'NEW VERSION:', '12.0.1')
****************************************************************************************************
XML FILE: repos/aaa/docs/pom.xml
NEW VERSION LINK: https://repo1.maven.org/maven2/org/opendaylight/infrautils/inject.guice.testutils/
('DEPENDENCY-GROUP ID:', 'org.opendaylight.infrautils', 'ARTIFACT ID:', 'inject.guice.testutils', 'VERSION:', '3.0.4', 'NEW VERSION:', '5.0.1')
****************************************************************************************************
XML FILE: repos/aaa/artifacts/pom.xml
NEW VERSION LINK: https://repo1.maven.org/maven2/org/opendaylight/odlparent/odlparent-lite/
('PARENT-GROUP ID:', 'org.opendaylight.odlparent', 'ARTIFACT ID:', 'odlparent-lite', 'VERSION:', '10.0.5', 'NEW VERSION:', '12.0.1')
****************************************************************************************************
XML FILE: repos/aaa/aaa-encrypt-service/pom.xml
NEW VERSION LINK: https://repo1.maven.org/maven2/org/opendaylight/odlparent/odlparent-lite/
('PARENT-GROUP ID:', 'org.opendaylight.odlparent', 'ARTIFACT ID:', 'odlparent-lite', 'VERSION:', '10.0.5', 'NEW VERSION:', '12.0.1')
****************************************************************************************************
XML FILE: repos/aaa/aaa-shiro/pom.xml
NEW VERSION LINK: https://repo1.maven.org/maven2/org/opendaylight/odlparent/odlparent-lite/
('PARENT-GROUP ID:', 'org.opendaylight.odlparent', 'ARTIFACT ID:', 'odlparent-lite', 'VERSION:', '10.0.5', 'NEW VERSION:', '12.0.1')
****************************************************************************************************
XML FILE: repos/aaa/aaa-shiro/repackaged-shiro-jar/pom.xml
NEW VERSION LINK: https://repo1.maven.org/maven2/org/opendaylight/odlparent/odlparent/
('PARENT-GROUP ID:', 'org.opendaylight.odlparent', 'ARTIFACT ID:', 'odlparent', 'VERSION:', '10.0.5', 'NEW VERSION:', '12.0.1')
****************************************************************************************************
XML FILE: repos/aaa/web/pom.xml
NEW VERSION LINK: https://repo1.maven.org/maven2/org/opendaylight/odlparent/odlparent-lite/
('PARENT-GROUP ID:', 'org.opendaylight.odlparent', 'ARTIFACT ID:', 'odlparent-lite', 'VERSION:', '10.0.5', 'NEW VERSION:', '12.0.1')
****************************************************************************************************
