XML FILE: repos/controller/pom.xml
NEW VERSION LINK: https://repo1.maven.org/maven2/org/opendaylight/odlparent/odlparent-lite/
('PARENT-GROUP ID:', 'org.opendaylight.odlparent', 'ARTIFACT ID:', 'odlparent-lite', 'VERSION:', '12.0.1', 'NEW VERSION:', '12.0.1')
****************************************************************************************************
XML FILE: repos/controller/opendaylight/md-sal/pom.xml
NEW VERSION LINK: https://repo1.maven.org/maven2/org/opendaylight/odlparent/odlparent-lite/
('PARENT-GROUP ID:', 'org.opendaylight.odlparent', 'ARTIFACT ID:', 'odlparent-lite', 'VERSION:', '12.0.1', 'NEW VERSION:', '12.0.1')
****************************************************************************************************
XML FILE: repos/controller/opendaylight/md-sal/sal-clustering-config/pom.xml
NEW VERSION LINK: https://repo1.maven.org/maven2/org/opendaylight/odlparent/odlparent-lite/
('PARENT-GROUP ID:', 'org.opendaylight.odlparent', 'ARTIFACT ID:', 'odlparent-lite', 'VERSION:', '12.0.1', 'NEW VERSION:', '12.0.1')
****************************************************************************************************
XML FILE: repos/controller/opendaylight/md-sal/parent/pom.xml
NEW VERSION LINK: https://repo1.maven.org/maven2/org/opendaylight/mdsal/binding-parent/
('PARENT-GROUP ID:', 'org.opendaylight.mdsal', 'ARTIFACT ID:', 'binding-parent', 'VERSION:', '11.0.2', 'NEW VERSION:', '11.0.2')
****************************************************************************************************
XML FILE: repos/controller/opendaylight/md-sal/samples/pom.xml
NEW VERSION LINK: https://repo1.maven.org/maven2/org/opendaylight/odlparent/odlparent-lite/
('PARENT-GROUP ID:', 'org.opendaylight.odlparent', 'ARTIFACT ID:', 'odlparent-lite', 'VERSION:', '12.0.1', 'NEW VERSION:', '12.0.1')
****************************************************************************************************
XML FILE: repos/controller/opendaylight/md-sal/samples/clustering-test-app/pom.xml
NEW VERSION LINK: https://repo1.maven.org/maven2/org/opendaylight/odlparent/odlparent-lite/
('PARENT-GROUP ID:', 'org.opendaylight.odlparent', 'ARTIFACT ID:', 'odlparent-lite', 'VERSION:', '12.0.1', 'NEW VERSION:', '12.0.1')
****************************************************************************************************
XML FILE: repos/controller/opendaylight/md-sal/samples/clustering-test-app/configuration/pom.xml
NEW VERSION LINK: https://repo1.maven.org/maven2/org/opendaylight/odlparent/odlparent-lite/
('PARENT-GROUP ID:', 'org.opendaylight.odlparent', 'ARTIFACT ID:', 'odlparent-lite', 'VERSION:', '12.0.1', 'NEW VERSION:', '12.0.1')
****************************************************************************************************
XML FILE: repos/controller/opendaylight/md-sal/mdsal-it-parent/pom.xml
NEW VERSION LINK: https://repo1.maven.org/maven2/org/opendaylight/odlparent/bundle-parent/
('PARENT-GROUP ID:', 'org.opendaylight.odlparent', 'ARTIFACT ID:', 'bundle-parent', 'VERSION:', '12.0.1', 'NEW VERSION:', '12.0.1')
****************************************************************************************************
XML FILE: repos/controller/opendaylight/md-sal/mdsal-it-base/pom.xml
NEW VERSION LINK: https://repo1.maven.org/maven2/org/opendaylight/odlparent/bundle-parent/
('PARENT-GROUP ID:', 'org.opendaylight.odlparent', 'ARTIFACT ID:', 'bundle-parent', 'VERSION:', '12.0.1', 'NEW VERSION:', '12.0.1')
****************************************************************************************************
XML FILE: repos/controller/opendaylight/blueprint/pom.xml
NEW VERSION LINK: https://repo1.maven.org/maven2/org/opendaylight/odlparent/bundle-parent/
('PARENT-GROUP ID:', 'org.opendaylight.odlparent', 'ARTIFACT ID:', 'bundle-parent', 'VERSION:', '12.0.1', 'NEW VERSION:', '12.0.1')
****************************************************************************************************
XML FILE: repos/controller/opendaylight/config/pom.xml
NEW VERSION LINK: https://repo1.maven.org/maven2/org/opendaylight/odlparent/odlparent-lite/
('PARENT-GROUP ID:', 'org.opendaylight.odlparent', 'ARTIFACT ID:', 'odlparent-lite', 'VERSION:', '12.0.1', 'NEW VERSION:', '12.0.1')
****************************************************************************************************
XML FILE: repos/controller/opendaylight/config/threadpool-config-impl/pom.xml
NEW VERSION LINK: https://repo1.maven.org/maven2/org/opendaylight/odlparent/bundle-parent/
('PARENT-GROUP ID:', 'org.opendaylight.odlparent', 'ARTIFACT ID:', 'bundle-parent', 'VERSION:', '12.0.1', 'NEW VERSION:', '12.0.1')
****************************************************************************************************
XML FILE: repos/controller/opendaylight/config/threadpool-config-api/pom.xml
NEW VERSION LINK: https://repo1.maven.org/maven2/org/opendaylight/odlparent/bundle-parent/
('PARENT-GROUP ID:', 'org.opendaylight.odlparent', 'ARTIFACT ID:', 'bundle-parent', 'VERSION:', '12.0.1', 'NEW VERSION:', '12.0.1')
****************************************************************************************************
XML FILE: repos/controller/opendaylight/config/netty-event-executor-config/pom.xml
NEW VERSION LINK: https://repo1.maven.org/maven2/org/opendaylight/odlparent/bundle-parent/
('PARENT-GROUP ID:', 'org.opendaylight.odlparent', 'ARTIFACT ID:', 'bundle-parent', 'VERSION:', '12.0.1', 'NEW VERSION:', '12.0.1')
****************************************************************************************************
XML FILE: repos/controller/opendaylight/config/netty-timer-config/pom.xml
NEW VERSION LINK: https://repo1.maven.org/maven2/org/opendaylight/odlparent/bundle-parent/
('PARENT-GROUP ID:', 'org.opendaylight.odlparent', 'ARTIFACT ID:', 'bundle-parent', 'VERSION:', '12.0.1', 'NEW VERSION:', '12.0.1')
****************************************************************************************************
XML FILE: repos/controller/opendaylight/config/netty-threadgroup-config/pom.xml
NEW VERSION LINK: https://repo1.maven.org/maven2/org/opendaylight/odlparent/bundle-parent/
('PARENT-GROUP ID:', 'org.opendaylight.odlparent', 'ARTIFACT ID:', 'bundle-parent', 'VERSION:', '12.0.1', 'NEW VERSION:', '12.0.1')
****************************************************************************************************
XML FILE: repos/controller/akka/pom.xml
NEW VERSION LINK: https://repo1.maven.org/maven2/org/opendaylight/odlparent/odlparent-lite/
('PARENT-GROUP ID:', 'org.opendaylight.odlparent', 'ARTIFACT ID:', 'odlparent-lite', 'VERSION:', '12.0.1', 'NEW VERSION:', '12.0.1')
****************************************************************************************************
XML FILE: repos/controller/akka/repackaged-akka-jar/pom.xml
NEW VERSION LINK: https://repo1.maven.org/maven2/org/opendaylight/odlparent/odlparent/
('PARENT-GROUP ID:', 'org.opendaylight.odlparent', 'ARTIFACT ID:', 'odlparent', 'VERSION:', '12.0.1', 'NEW VERSION:', '12.0.1')
****************************************************************************************************
XML FILE: repos/controller/features/pom.xml
NEW VERSION LINK: https://repo1.maven.org/maven2/org/opendaylight/odlparent/odlparent-lite/
('PARENT-GROUP ID:', 'org.opendaylight.odlparent', 'ARTIFACT ID:', 'odlparent-lite', 'VERSION:', '12.0.1', 'NEW VERSION:', '12.0.1')
****************************************************************************************************
XML FILE: repos/controller/features/features-controller-experimental/pom.xml
NEW VERSION LINK: https://repo1.maven.org/maven2/org/opendaylight/odlparent/feature-repo-parent/
('PARENT-GROUP ID:', 'org.opendaylight.odlparent', 'ARTIFACT ID:', 'feature-repo-parent', 'VERSION:', '12.0.1', 'NEW VERSION:', '12.0.1')
****************************************************************************************************
XML FILE: repos/controller/features/single-feature-parent/pom.xml
NEW VERSION LINK: https://repo1.maven.org/maven2/org/opendaylight/odlparent/single-feature-parent/
('PARENT-GROUP ID:', 'org.opendaylight.odlparent', 'ARTIFACT ID:', 'single-feature-parent', 'VERSION:', '12.0.1', 'NEW VERSION:', '12.0.1')
****************************************************************************************************
XML FILE: repos/controller/features/features-controller-testing/pom.xml
NEW VERSION LINK: https://repo1.maven.org/maven2/org/opendaylight/odlparent/feature-repo-parent/
('PARENT-GROUP ID:', 'org.opendaylight.odlparent', 'ARTIFACT ID:', 'feature-repo-parent', 'VERSION:', '12.0.1', 'NEW VERSION:', '12.0.1')
****************************************************************************************************
XML FILE: repos/controller/features/features-controller/pom.xml
NEW VERSION LINK: https://repo1.maven.org/maven2/org/opendaylight/odlparent/feature-repo-parent/
('PARENT-GROUP ID:', 'org.opendaylight.odlparent', 'ARTIFACT ID:', 'feature-repo-parent', 'VERSION:', '12.0.1', 'NEW VERSION:', '12.0.1')
****************************************************************************************************
XML FILE: repos/controller/jolokia/pom.xml
NEW VERSION LINK: https://repo1.maven.org/maven2/org/opendaylight/odlparent/odlparent/
('PARENT-GROUP ID:', 'org.opendaylight.odlparent', 'ARTIFACT ID:', 'odlparent', 'VERSION:', '12.0.1', 'NEW VERSION:', '12.0.1')
****************************************************************************************************
XML FILE: repos/controller/bundle-parent/pom.xml
NEW VERSION LINK: https://repo1.maven.org/maven2/org/opendaylight/mdsal/dom-parent/
('PARENT-GROUP ID:', 'org.opendaylight.mdsal', 'ARTIFACT ID:', 'dom-parent', 'VERSION:', '11.0.2', 'NEW VERSION:', '11.0.2')
****************************************************************************************************
XML FILE: repos/controller/karaf/pom.xml
NEW VERSION LINK: https://repo1.maven.org/maven2/org/opendaylight/odlparent/karaf4-parent/
('PARENT-GROUP ID:', 'org.opendaylight.odlparent', 'ARTIFACT ID:', 'karaf4-parent', 'VERSION:', '12.0.1', 'NEW VERSION:', '12.0.1')
****************************************************************************************************
XML FILE: repos/controller/docs/pom.xml
NEW VERSION LINK: https://repo1.maven.org/maven2/org/opendaylight/odlparent/odlparent/
('PARENT-GROUP ID:', 'org.opendaylight.odlparent', 'ARTIFACT ID:', 'odlparent', 'VERSION:', '12.0.1', 'NEW VERSION:', '12.0.1')
****************************************************************************************************
XML FILE: repos/controller/artifacts/pom.xml
NEW VERSION LINK: https://repo1.maven.org/maven2/org/opendaylight/odlparent/odlparent-lite/
('PARENT-GROUP ID:', 'org.opendaylight.odlparent', 'ARTIFACT ID:', 'odlparent-lite', 'VERSION:', '12.0.1', 'NEW VERSION:', '12.0.1')
****************************************************************************************************
XML FILE: repos/controller/benchmark/pom.xml
NEW VERSION LINK: https://repo1.maven.org/maven2/org/opendaylight/odlparent/odlparent-lite/
('PARENT-GROUP ID:', 'org.opendaylight.odlparent', 'ARTIFACT ID:', 'odlparent-lite', 'VERSION:', '12.0.1', 'NEW VERSION:', '12.0.1')
****************************************************************************************************
