XML FILE: repos/infrautils/pom.xml
NEW VERSION LINK: https://repo1.maven.org/maven2/org/opendaylight/odlparent/odlparent-lite/
('PARENT-GROUP ID:', 'org.opendaylight.odlparent', 'ARTIFACT ID:', 'odlparent-lite', 'VERSION:', '12.0.1', 'NEW VERSION:', '12.0.1')
****************************************************************************************************
XML FILE: repos/infrautils/ready/pom.xml
NEW VERSION LINK: https://repo1.maven.org/maven2/org/opendaylight/odlparent/odlparent-lite/
('PARENT-GROUP ID:', 'org.opendaylight.odlparent', 'ARTIFACT ID:', 'odlparent-lite', 'VERSION:', '12.0.1', 'NEW VERSION:', '12.0.1')
****************************************************************************************************
XML FILE: repos/infrautils/features/pom.xml
NEW VERSION LINK: https://repo1.maven.org/maven2/org/opendaylight/odlparent/odlparent-lite/
('PARENT-GROUP ID:', 'org.opendaylight.odlparent', 'ARTIFACT ID:', 'odlparent-lite', 'VERSION:', '12.0.1', 'NEW VERSION:', '12.0.1')
****************************************************************************************************
XML FILE: repos/infrautils/features/infrautils-features/pom.xml
NEW VERSION LINK: https://repo1.maven.org/maven2/org/opendaylight/odlparent/feature-repo-parent/
('PARENT-GROUP ID:', 'org.opendaylight.odlparent', 'ARTIFACT ID:', 'feature-repo-parent', 'VERSION:', '12.0.1', 'NEW VERSION:', '12.0.1')
****************************************************************************************************
XML FILE: repos/infrautils/features/parent/pom.xml
NEW VERSION LINK: https://repo1.maven.org/maven2/org/opendaylight/odlparent/single-feature-parent/
('PARENT-GROUP ID:', 'org.opendaylight.odlparent', 'ARTIFACT ID:', 'single-feature-parent', 'VERSION:', '12.0.1', 'NEW VERSION:', '12.0.1')
****************************************************************************************************
XML FILE: repos/infrautils/features/features-infrautils-experimental/pom.xml
NEW VERSION LINK: https://repo1.maven.org/maven2/org/opendaylight/odlparent/feature-repo-parent/
('PARENT-GROUP ID:', 'org.opendaylight.odlparent', 'ARTIFACT ID:', 'feature-repo-parent', 'VERSION:', '12.0.1', 'NEW VERSION:', '12.0.1')
****************************************************************************************************
XML FILE: repos/infrautils/features/features-infrautils/pom.xml
NEW VERSION LINK: https://repo1.maven.org/maven2/org/opendaylight/odlparent/feature-repo-parent/
('PARENT-GROUP ID:', 'org.opendaylight.odlparent', 'ARTIFACT ID:', 'feature-repo-parent', 'VERSION:', '12.0.1', 'NEW VERSION:', '12.0.1')
****************************************************************************************************
XML FILE: repos/infrautils/karaf/pom.xml
NEW VERSION LINK: https://repo1.maven.org/maven2/org/opendaylight/odlparent/karaf4-parent/
('PARENT-GROUP ID:', 'org.opendaylight.odlparent', 'ARTIFACT ID:', 'karaf4-parent', 'VERSION:', '12.0.1', 'NEW VERSION:', '12.0.1')
****************************************************************************************************
XML FILE: repos/infrautils/inject/pom.xml
NEW VERSION LINK: https://repo1.maven.org/maven2/org/opendaylight/odlparent/odlparent-lite/
('PARENT-GROUP ID:', 'org.opendaylight.odlparent', 'ARTIFACT ID:', 'odlparent-lite', 'VERSION:', '12.0.1', 'NEW VERSION:', '12.0.1')
****************************************************************************************************
XML FILE: repos/infrautils/docs/pom.xml
NEW VERSION LINK: https://repo1.maven.org/maven2/org/opendaylight/odlparent/bundle-parent/
('PARENT-GROUP ID:', 'org.opendaylight.odlparent', 'ARTIFACT ID:', 'bundle-parent', 'VERSION:', '12.0.1', 'NEW VERSION:', '12.0.1')
****************************************************************************************************
XML FILE: repos/infrautils/artifacts/pom.xml
NEW VERSION LINK: https://repo1.maven.org/maven2/org/opendaylight/odlparent/odlparent-lite/
('PARENT-GROUP ID:', 'org.opendaylight.odlparent', 'ARTIFACT ID:', 'odlparent-lite', 'VERSION:', '12.0.1', 'NEW VERSION:', '12.0.1')
****************************************************************************************************
XML FILE: repos/infrautils/common/pom.xml
NEW VERSION LINK: https://repo1.maven.org/maven2/org/opendaylight/odlparent/odlparent-lite/
('PARENT-GROUP ID:', 'org.opendaylight.odlparent', 'ARTIFACT ID:', 'odlparent-lite', 'VERSION:', '12.0.1', 'NEW VERSION:', '12.0.1')
****************************************************************************************************
XML FILE: repos/infrautils/common/parent/pom.xml
NEW VERSION LINK: https://repo1.maven.org/maven2/org/opendaylight/odlparent/bundle-parent/
('PARENT-GROUP ID:', 'org.opendaylight.odlparent', 'ARTIFACT ID:', 'bundle-parent', 'VERSION:', '12.0.1', 'NEW VERSION:', '12.0.1')
****************************************************************************************************
XML FILE: repos/infrautils/itestutils/pom.xml
NEW VERSION LINK: https://repo1.maven.org/maven2/org/opendaylight/odlparent/odlparent-lite/
('PARENT-GROUP ID:', 'org.opendaylight.odlparent', 'ARTIFACT ID:', 'odlparent-lite', 'VERSION:', '12.0.1', 'NEW VERSION:', '12.0.1')
****************************************************************************************************
XML FILE: repos/infrautils/itestutils/parent/pom.xml
NEW VERSION LINK: https://repo1.maven.org/maven2/org/opendaylight/odlparent/odlparent/
('PARENT-GROUP ID:', 'org.opendaylight.odlparent', 'ARTIFACT ID:', 'odlparent', 'VERSION:', '12.0.1', 'NEW VERSION:', '12.0.1')
****************************************************************************************************
XML FILE: repos/infrautils/itestutils/itestutils/pom.xml
NEW VERSION LINK: https://repo1.maven.org/maven2/org/opendaylight/odlparent/opendaylight-karaf-empty/
('DEPENDENCY-GROUP ID:', 'org.opendaylight.odlparent', 'ARTIFACT ID:', 'opendaylight-karaf-empty', 'VERSION:', '12.0.1', 'NEW VERSION:', '12.0.1')
****************************************************************************************************
XML FILE: repos/infrautils/diagstatus/pom.xml
NEW VERSION LINK: https://repo1.maven.org/maven2/org/opendaylight/odlparent/odlparent-lite/
('PARENT-GROUP ID:', 'org.opendaylight.odlparent', 'ARTIFACT ID:', 'odlparent-lite', 'VERSION:', '12.0.1', 'NEW VERSION:', '12.0.1')
****************************************************************************************************
