XML FILE: repos/mdsal/pom.xml
NEW VERSION LINK: https://repo1.maven.org/maven2/org/opendaylight/odlparent/odlparent-lite/
('PARENT-GROUP ID:', 'org.opendaylight.odlparent', 'ARTIFACT ID:', 'odlparent-lite', 'VERSION:', '12.0.1', 'NEW VERSION:', '12.0.1')
****************************************************************************************************
XML FILE: repos/mdsal/singleton-service/pom.xml
NEW VERSION LINK: https://repo1.maven.org/maven2/org/opendaylight/odlparent/odlparent-lite/
('PARENT-GROUP ID:', 'org.opendaylight.odlparent', 'ARTIFACT ID:', 'odlparent-lite', 'VERSION:', '12.0.1', 'NEW VERSION:', '12.0.1')
****************************************************************************************************
XML FILE: repos/mdsal/model/pom.xml
NEW VERSION LINK: https://repo1.maven.org/maven2/org/opendaylight/odlparent/odlparent-lite/
('PARENT-GROUP ID:', 'org.opendaylight.odlparent', 'ARTIFACT ID:', 'odlparent-lite', 'VERSION:', '12.0.1', 'NEW VERSION:', '12.0.1')
****************************************************************************************************
XML FILE: repos/mdsal/model/iana/pom.xml
NEW VERSION LINK: https://repo1.maven.org/maven2/org/opendaylight/odlparent/odlparent-lite/
('PARENT-GROUP ID:', 'org.opendaylight.odlparent', 'ARTIFACT ID:', 'odlparent-lite', 'VERSION:', '12.0.1', 'NEW VERSION:', '12.0.1')
****************************************************************************************************
XML FILE: repos/mdsal/model/ietf/pom.xml
NEW VERSION LINK: https://repo1.maven.org/maven2/org/opendaylight/odlparent/odlparent-lite/
('PARENT-GROUP ID:', 'org.opendaylight.odlparent', 'ARTIFACT ID:', 'odlparent-lite', 'VERSION:', '12.0.1', 'NEW VERSION:', '12.0.1')
****************************************************************************************************
XML FILE: repos/mdsal/replicate/pom.xml
NEW VERSION LINK: https://repo1.maven.org/maven2/org/opendaylight/odlparent/odlparent-lite/
('PARENT-GROUP ID:', 'org.opendaylight.odlparent', 'ARTIFACT ID:', 'odlparent-lite', 'VERSION:', '12.0.1', 'NEW VERSION:', '12.0.1')
****************************************************************************************************
XML FILE: repos/mdsal/features/pom.xml
NEW VERSION LINK: https://repo1.maven.org/maven2/org/opendaylight/odlparent/odlparent-lite/
('PARENT-GROUP ID:', 'org.opendaylight.odlparent', 'ARTIFACT ID:', 'odlparent-lite', 'VERSION:', '12.0.1', 'NEW VERSION:', '12.0.1')
****************************************************************************************************
XML FILE: repos/mdsal/features/features-mdsal-experimental/pom.xml
NEW VERSION LINK: https://repo1.maven.org/maven2/org/opendaylight/odlparent/feature-repo-parent/
('PARENT-GROUP ID:', 'org.opendaylight.odlparent', 'ARTIFACT ID:', 'feature-repo-parent', 'VERSION:', '12.0.1', 'NEW VERSION:', '12.0.1')
****************************************************************************************************
XML FILE: repos/mdsal/features/feature-parent/pom.xml
NEW VERSION LINK: https://repo1.maven.org/maven2/org/opendaylight/odlparent/single-feature-parent/
('PARENT-GROUP ID:', 'org.opendaylight.odlparent', 'ARTIFACT ID:', 'single-feature-parent', 'VERSION:', '12.0.1', 'NEW VERSION:', '12.0.1')
****************************************************************************************************
XML FILE: repos/mdsal/features/features-mdsal/pom.xml
NEW VERSION LINK: https://repo1.maven.org/maven2/org/opendaylight/odlparent/feature-repo-parent/
('PARENT-GROUP ID:', 'org.opendaylight.odlparent', 'ARTIFACT ID:', 'feature-repo-parent', 'VERSION:', '12.0.1', 'NEW VERSION:', '12.0.1')
****************************************************************************************************
XML FILE: repos/mdsal/binding/pom.xml
NEW VERSION LINK: https://repo1.maven.org/maven2/org/opendaylight/odlparent/odlparent-lite/
('PARENT-GROUP ID:', 'org.opendaylight.odlparent', 'ARTIFACT ID:', 'odlparent-lite', 'VERSION:', '12.0.1', 'NEW VERSION:', '12.0.1')
****************************************************************************************************
XML FILE: repos/mdsal/binding/mdsal-binding-test-utils/pom.xml
NEW VERSION LINK: https://repo1.maven.org/maven2/org/opendaylight/odlparent/odlparent/
('PARENT-GROUP ID:', 'org.opendaylight.odlparent', 'ARTIFACT ID:', 'odlparent', 'VERSION:', '12.0.1', 'NEW VERSION:', '12.0.1')
****************************************************************************************************
XML FILE: repos/mdsal/dom/pom.xml
NEW VERSION LINK: https://repo1.maven.org/maven2/org/opendaylight/odlparent/odlparent-lite/
('PARENT-GROUP ID:', 'org.opendaylight.odlparent', 'ARTIFACT ID:', 'odlparent-lite', 'VERSION:', '12.0.1', 'NEW VERSION:', '12.0.1')
****************************************************************************************************
XML FILE: repos/mdsal/dom/dom-parent/pom.xml
NEW VERSION LINK: https://repo1.maven.org/maven2/org/opendaylight/odlparent/bundle-parent/
('PARENT-GROUP ID:', 'org.opendaylight.odlparent', 'ARTIFACT ID:', 'bundle-parent', 'VERSION:', '12.0.1', 'NEW VERSION:', '12.0.1')
****************************************************************************************************
XML FILE: repos/mdsal/yanglib/pom.xml
NEW VERSION LINK: https://repo1.maven.org/maven2/org/opendaylight/odlparent/odlparent-lite/
('PARENT-GROUP ID:', 'org.opendaylight.odlparent', 'ARTIFACT ID:', 'odlparent-lite', 'VERSION:', '12.0.1', 'NEW VERSION:', '12.0.1')
****************************************************************************************************
XML FILE: repos/mdsal/netty/pom.xml
NEW VERSION LINK: https://repo1.maven.org/maven2/org/opendaylight/odlparent/odlparent-lite/
('PARENT-GROUP ID:', 'org.opendaylight.odlparent', 'ARTIFACT ID:', 'odlparent-lite', 'VERSION:', '12.0.1', 'NEW VERSION:', '12.0.1')
****************************************************************************************************
XML FILE: repos/mdsal/karaf/pom.xml
NEW VERSION LINK: https://repo1.maven.org/maven2/org/opendaylight/odlparent/karaf4-parent/
('PARENT-GROUP ID:', 'org.opendaylight.odlparent', 'ARTIFACT ID:', 'karaf4-parent', 'VERSION:', '12.0.1', 'NEW VERSION:', '12.0.1')
****************************************************************************************************
XML FILE: repos/mdsal/entityownership/pom.xml
NEW VERSION LINK: https://repo1.maven.org/maven2/org/opendaylight/odlparent/odlparent-lite/
('PARENT-GROUP ID:', 'org.opendaylight.odlparent', 'ARTIFACT ID:', 'odlparent-lite', 'VERSION:', '12.0.1', 'NEW VERSION:', '12.0.1')
****************************************************************************************************
XML FILE: repos/mdsal/artifacts/pom.xml
NEW VERSION LINK: https://repo1.maven.org/maven2/org/opendaylight/odlparent/odlparent-lite/
('PARENT-GROUP ID:', 'org.opendaylight.odlparent', 'ARTIFACT ID:', 'odlparent-lite', 'VERSION:', '12.0.1', 'NEW VERSION:', '12.0.1')
****************************************************************************************************
XML FILE: repos/mdsal/common/pom.xml
NEW VERSION LINK: https://repo1.maven.org/maven2/org/opendaylight/odlparent/odlparent-lite/
('PARENT-GROUP ID:', 'org.opendaylight.odlparent', 'ARTIFACT ID:', 'odlparent-lite', 'VERSION:', '12.0.1', 'NEW VERSION:', '12.0.1')
****************************************************************************************************
XML FILE: repos/mdsal/trace/pom.xml
NEW VERSION LINK: https://repo1.maven.org/maven2/org/opendaylight/odlparent/odlparent-lite/
('PARENT-GROUP ID:', 'org.opendaylight.odlparent', 'ARTIFACT ID:', 'odlparent-lite', 'VERSION:', '12.0.1', 'NEW VERSION:', '12.0.1')
****************************************************************************************************
