XML FILE: repos/netconf/pom.xml
NEW VERSION LINK: https://repo1.maven.org/maven2/org/opendaylight/odlparent/odlparent-lite/
('PARENT-GROUP ID:', 'org.opendaylight.odlparent', 'ARTIFACT ID:', 'odlparent-lite', 'VERSION:', '11.0.2', 'NEW VERSION:', '12.0.1')
****************************************************************************************************
XML FILE: repos/netconf/restconf/pom.xml
NEW VERSION LINK: https://repo1.maven.org/maven2/org/opendaylight/odlparent/odlparent-lite/
('PARENT-GROUP ID:', 'org.opendaylight.odlparent', 'ARTIFACT ID:', 'odlparent-lite', 'VERSION:', '11.0.2', 'NEW VERSION:', '12.0.1')
****************************************************************************************************
XML FILE: repos/netconf/restconf/sal-rest-connector-config/pom.xml
NEW VERSION LINK: https://repo1.maven.org/maven2/org/opendaylight/odlparent/odlparent-lite/
('PARENT-GROUP ID:', 'org.opendaylight.odlparent', 'ARTIFACT ID:', 'odlparent-lite', 'VERSION:', '11.0.2', 'NEW VERSION:', '12.0.1')
****************************************************************************************************
XML FILE: repos/netconf/truststore/pom.xml
NEW VERSION LINK: https://repo1.maven.org/maven2/org/opendaylight/odlparent/odlparent-lite/
('PARENT-GROUP ID:', 'org.opendaylight.odlparent', 'ARTIFACT ID:', 'odlparent-lite', 'VERSION:', '11.0.2', 'NEW VERSION:', '12.0.1')
****************************************************************************************************
XML FILE: repos/netconf/model/pom.xml
NEW VERSION LINK: https://repo1.maven.org/maven2/org/opendaylight/odlparent/odlparent-lite/
('PARENT-GROUP ID:', 'org.opendaylight.odlparent', 'ARTIFACT ID:', 'odlparent-lite', 'VERSION:', '11.0.2', 'NEW VERSION:', '12.0.1')
****************************************************************************************************
XML FILE: repos/netconf/karaf-static/pom.xml
NEW VERSION LINK: https://repo1.maven.org/maven2/org/opendaylight/odlparent/karaf-dist-static/
('PARENT-GROUP ID:', 'org.opendaylight.odlparent', 'ARTIFACT ID:', 'karaf-dist-static', 'VERSION:', '11.0.2', 'NEW VERSION:', '12.0.1')
****************************************************************************************************
XML FILE: repos/netconf/transport/pom.xml
NEW VERSION LINK: https://repo1.maven.org/maven2/org/opendaylight/odlparent/odlparent-lite/
('PARENT-GROUP ID:', 'org.opendaylight.odlparent', 'ARTIFACT ID:', 'odlparent-lite', 'VERSION:', '11.0.2', 'NEW VERSION:', '12.0.1')
****************************************************************************************************
XML FILE: repos/netconf/features/pom.xml
NEW VERSION LINK: https://repo1.maven.org/maven2/org/opendaylight/odlparent/odlparent-lite/
('PARENT-GROUP ID:', 'org.opendaylight.odlparent', 'ARTIFACT ID:', 'odlparent-lite', 'VERSION:', '11.0.2', 'NEW VERSION:', '12.0.1')
****************************************************************************************************
XML FILE: repos/netconf/features/restconf/pom.xml
NEW VERSION LINK: https://repo1.maven.org/maven2/org/opendaylight/odlparent/odlparent-lite/
('PARENT-GROUP ID:', 'org.opendaylight.odlparent', 'ARTIFACT ID:', 'odlparent-lite', 'VERSION:', '11.0.2', 'NEW VERSION:', '12.0.1')
****************************************************************************************************
XML FILE: repos/netconf/features/restconf/features-restconf/pom.xml
NEW VERSION LINK: https://repo1.maven.org/maven2/org/opendaylight/odlparent/feature-repo-parent/
('PARENT-GROUP ID:', 'org.opendaylight.odlparent', 'ARTIFACT ID:', 'feature-repo-parent', 'VERSION:', '11.0.2', 'NEW VERSION:', '12.0.1')
****************************************************************************************************
XML FILE: repos/netconf/features/yanglib/pom.xml
NEW VERSION LINK: https://repo1.maven.org/maven2/org/opendaylight/odlparent/odlparent-lite/
('PARENT-GROUP ID:', 'org.opendaylight.odlparent', 'ARTIFACT ID:', 'odlparent-lite', 'VERSION:', '11.0.2', 'NEW VERSION:', '12.0.1')
****************************************************************************************************
XML FILE: repos/netconf/features/yanglib/features-yanglib/pom.xml
NEW VERSION LINK: https://repo1.maven.org/maven2/org/opendaylight/odlparent/feature-repo-parent/
('PARENT-GROUP ID:', 'org.opendaylight.odlparent', 'ARTIFACT ID:', 'feature-repo-parent', 'VERSION:', '11.0.2', 'NEW VERSION:', '12.0.1')
****************************************************************************************************
XML FILE: repos/netconf/features/parent/pom.xml
NEW VERSION LINK: https://repo1.maven.org/maven2/org/opendaylight/odlparent/single-feature-parent/
('PARENT-GROUP ID:', 'org.opendaylight.odlparent', 'ARTIFACT ID:', 'single-feature-parent', 'VERSION:', '11.0.2', 'NEW VERSION:', '12.0.1')
****************************************************************************************************
XML FILE: repos/netconf/features/netconf/pom.xml
NEW VERSION LINK: https://repo1.maven.org/maven2/org/opendaylight/odlparent/odlparent-lite/
('PARENT-GROUP ID:', 'org.opendaylight.odlparent', 'ARTIFACT ID:', 'odlparent-lite', 'VERSION:', '11.0.2', 'NEW VERSION:', '12.0.1')
****************************************************************************************************
XML FILE: repos/netconf/features/netconf/features-netconf/pom.xml
NEW VERSION LINK: https://repo1.maven.org/maven2/org/opendaylight/odlparent/feature-repo-parent/
('PARENT-GROUP ID:', 'org.opendaylight.odlparent', 'ARTIFACT ID:', 'feature-repo-parent', 'VERSION:', '11.0.2', 'NEW VERSION:', '12.0.1')
****************************************************************************************************
XML FILE: repos/netconf/features/netconf/features-netconf-testing/pom.xml
NEW VERSION LINK: https://repo1.maven.org/maven2/org/opendaylight/odlparent/feature-repo-parent/
('PARENT-GROUP ID:', 'org.opendaylight.odlparent', 'ARTIFACT ID:', 'feature-repo-parent', 'VERSION:', '11.0.2', 'NEW VERSION:', '12.0.1')
****************************************************************************************************
XML FILE: repos/netconf/features/netconf-connector/pom.xml
NEW VERSION LINK: https://repo1.maven.org/maven2/org/opendaylight/odlparent/odlparent-lite/
('PARENT-GROUP ID:', 'org.opendaylight.odlparent', 'ARTIFACT ID:', 'odlparent-lite', 'VERSION:', '11.0.2', 'NEW VERSION:', '12.0.1')
****************************************************************************************************
XML FILE: repos/netconf/features/netconf-connector/features-netconf-connector/pom.xml
NEW VERSION LINK: https://repo1.maven.org/maven2/org/opendaylight/odlparent/feature-repo-parent/
('PARENT-GROUP ID:', 'org.opendaylight.odlparent', 'ARTIFACT ID:', 'feature-repo-parent', 'VERSION:', '11.0.2', 'NEW VERSION:', '12.0.1')
****************************************************************************************************
XML FILE: repos/netconf/parent/pom.xml
NEW VERSION LINK: https://repo1.maven.org/maven2/org/opendaylight/mdsal/binding-parent/
('PARENT-GROUP ID:', 'org.opendaylight.mdsal', 'ARTIFACT ID:', 'binding-parent', 'VERSION:', '10.0.3', 'NEW VERSION:', '11.0.2')
****************************************************************************************************
XML FILE: repos/netconf/karaf/pom.xml
NEW VERSION LINK: https://repo1.maven.org/maven2/org/opendaylight/odlparent/karaf4-parent/
('PARENT-GROUP ID:', 'org.opendaylight.odlparent', 'ARTIFACT ID:', 'karaf4-parent', 'VERSION:', '11.0.2', 'NEW VERSION:', '12.0.1')
****************************************************************************************************
XML FILE: repos/netconf/netconf/pom.xml
NEW VERSION LINK: https://repo1.maven.org/maven2/org/opendaylight/odlparent/odlparent-lite/
('PARENT-GROUP ID:', 'org.opendaylight.odlparent', 'ARTIFACT ID:', 'odlparent-lite', 'VERSION:', '11.0.2', 'NEW VERSION:', '12.0.1')
****************************************************************************************************
XML FILE: repos/netconf/netconf/tools/pom.xml
NEW VERSION LINK: https://repo1.maven.org/maven2/org/opendaylight/odlparent/odlparent-lite/
('PARENT-GROUP ID:', 'org.opendaylight.odlparent', 'ARTIFACT ID:', 'odlparent-lite', 'VERSION:', '11.0.2', 'NEW VERSION:', '12.0.1')
****************************************************************************************************
XML FILE: repos/netconf/netconf/netconf-config/pom.xml
NEW VERSION LINK: https://repo1.maven.org/maven2/org/opendaylight/odlparent/bundle-parent/
('PARENT-GROUP ID:', 'org.opendaylight.odlparent', 'ARTIFACT ID:', 'bundle-parent', 'VERSION:', '11.0.2', 'NEW VERSION:', '12.0.1')
****************************************************************************************************
XML FILE: repos/netconf/netconf/shaded-exificient-jar/pom.xml
NEW VERSION LINK: https://repo1.maven.org/maven2/org/opendaylight/odlparent/odlparent/
('PARENT-GROUP ID:', 'org.opendaylight.odlparent', 'ARTIFACT ID:', 'odlparent', 'VERSION:', '11.0.2', 'NEW VERSION:', '12.0.1')
****************************************************************************************************
XML FILE: repos/netconf/netconf/shaded-exificient/pom.xml
NEW VERSION LINK: https://repo1.maven.org/maven2/org/opendaylight/odlparent/bundle-parent/
('PARENT-GROUP ID:', 'org.opendaylight.odlparent', 'ARTIFACT ID:', 'bundle-parent', 'VERSION:', '11.0.2', 'NEW VERSION:', '12.0.1')
****************************************************************************************************
XML FILE: repos/netconf/netconf/shaded-exificient/pom.xml
NEW VERSION LINK: https://repo1.maven.org/maven2/org/opendaylight/netconf/shaded-exificient-jar/
('DEPENDENCY-GROUP ID:', 'org.opendaylight.netconf', 'ARTIFACT ID:', 'shaded-exificient-jar', 'VERSION:', '5.0.0-SNAPSHOT', 'NEW VERSION:', '1.6.1')
****************************************************************************************************
XML FILE: repos/netconf/netconf/shaded-sshd/pom.xml
NEW VERSION LINK: https://repo1.maven.org/maven2/org/opendaylight/odlparent/bundle-parent/
('PARENT-GROUP ID:', 'org.opendaylight.odlparent', 'ARTIFACT ID:', 'bundle-parent', 'VERSION:', '11.0.2', 'NEW VERSION:', '12.0.1')
****************************************************************************************************
XML FILE: repos/netconf/netconf/shaded-sshd-jar/pom.xml
NEW VERSION LINK: https://repo1.maven.org/maven2/org/opendaylight/odlparent/odlparent/
('PARENT-GROUP ID:', 'org.opendaylight.odlparent', 'ARTIFACT ID:', 'odlparent', 'VERSION:', '11.0.2', 'NEW VERSION:', '12.0.1')
****************************************************************************************************
XML FILE: repos/netconf/artifacts/pom.xml
NEW VERSION LINK: https://repo1.maven.org/maven2/org/opendaylight/odlparent/odlparent-lite/
('PARENT-GROUP ID:', 'org.opendaylight.odlparent', 'ARTIFACT ID:', 'odlparent-lite', 'VERSION:', '11.0.2', 'NEW VERSION:', '12.0.1')
****************************************************************************************************
XML FILE: repos/netconf/keystore/pom.xml
NEW VERSION LINK: https://repo1.maven.org/maven2/org/opendaylight/odlparent/odlparent-lite/
('PARENT-GROUP ID:', 'org.opendaylight.odlparent', 'ARTIFACT ID:', 'odlparent-lite', 'VERSION:', '11.0.2', 'NEW VERSION:', '12.0.1')
****************************************************************************************************
