XML FILE: repos/yangtools/pom.xml
NEW VERSION LINK: https://repo1.maven.org/maven2/org/opendaylight/odlparent/odlparent-lite/
('PARENT-GROUP ID:', 'org.opendaylight.odlparent', 'ARTIFACT ID:', 'odlparent-lite', 'VERSION:', '12.0.1', 'NEW VERSION:', '12.0.1')
****************************************************************************************************
XML FILE: repos/yangtools/tools/pom.xml
NEW VERSION LINK: https://repo1.maven.org/maven2/org/opendaylight/odlparent/odlparent-lite/
('PARENT-GROUP ID:', 'org.opendaylight.odlparent', 'ARTIFACT ID:', 'odlparent-lite', 'VERSION:', '12.0.1', 'NEW VERSION:', '12.0.1')
****************************************************************************************************
XML FILE: repos/yangtools/tools/yang-validation-tool/pom.xml
NEW VERSION LINK: https://repo1.maven.org/maven2/org/opendaylight/odlparent/odlparent/
('PARENT-GROUP ID:', 'org.opendaylight.odlparent', 'ARTIFACT ID:', 'odlparent', 'VERSION:', '12.0.1', 'NEW VERSION:', '12.0.1')
****************************************************************************************************
XML FILE: repos/yangtools/tools/yang-model-validator/pom.xml
NEW VERSION LINK: https://repo1.maven.org/maven2/org/opendaylight/odlparent/odlparent/
('PARENT-GROUP ID:', 'org.opendaylight.odlparent', 'ARTIFACT ID:', 'odlparent', 'VERSION:', '12.0.1', 'NEW VERSION:', '12.0.1')
****************************************************************************************************
XML FILE: repos/yangtools/yang/pom.xml
NEW VERSION LINK: https://repo1.maven.org/maven2/org/opendaylight/odlparent/odlparent-lite/
('PARENT-GROUP ID:', 'org.opendaylight.odlparent', 'ARTIFACT ID:', 'odlparent-lite', 'VERSION:', '12.0.1', 'NEW VERSION:', '12.0.1')
****************************************************************************************************
XML FILE: repos/yangtools/model/pom.xml
NEW VERSION LINK: https://repo1.maven.org/maven2/org/opendaylight/odlparent/odlparent-lite/
('PARENT-GROUP ID:', 'org.opendaylight.odlparent', 'ARTIFACT ID:', 'odlparent-lite', 'VERSION:', '12.0.1', 'NEW VERSION:', '12.0.1')
****************************************************************************************************
XML FILE: repos/yangtools/xpath/pom.xml
NEW VERSION LINK: https://repo1.maven.org/maven2/org/opendaylight/odlparent/odlparent-lite/
('PARENT-GROUP ID:', 'org.opendaylight.odlparent', 'ARTIFACT ID:', 'odlparent-lite', 'VERSION:', '12.0.1', 'NEW VERSION:', '12.0.1')
****************************************************************************************************
XML FILE: repos/yangtools/codec/pom.xml
NEW VERSION LINK: https://repo1.maven.org/maven2/org/opendaylight/odlparent/odlparent-lite/
('PARENT-GROUP ID:', 'org.opendaylight.odlparent', 'ARTIFACT ID:', 'odlparent-lite', 'VERSION:', '12.0.1', 'NEW VERSION:', '12.0.1')
****************************************************************************************************
XML FILE: repos/yangtools/bnd-parent/pom.xml
NEW VERSION LINK: https://repo1.maven.org/maven2/org/opendaylight/odlparent/bnd-parent/
('PARENT-GROUP ID:', 'org.opendaylight.odlparent', 'ARTIFACT ID:', 'bnd-parent', 'VERSION:', '12.0.1', 'NEW VERSION:', '12.0.1')
****************************************************************************************************
XML FILE: repos/yangtools/features/pom.xml
NEW VERSION LINK: https://repo1.maven.org/maven2/org/opendaylight/odlparent/odlparent-lite/
('PARENT-GROUP ID:', 'org.opendaylight.odlparent', 'ARTIFACT ID:', 'odlparent-lite', 'VERSION:', '12.0.1', 'NEW VERSION:', '12.0.1')
****************************************************************************************************
XML FILE: repos/yangtools/features/features-yangtools/pom.xml
NEW VERSION LINK: https://repo1.maven.org/maven2/org/opendaylight/odlparent/feature-repo-parent/
('PARENT-GROUP ID:', 'org.opendaylight.odlparent', 'ARTIFACT ID:', 'feature-repo-parent', 'VERSION:', '12.0.1', 'NEW VERSION:', '12.0.1')
****************************************************************************************************
XML FILE: repos/yangtools/features/features-yangtools-experimental/pom.xml
NEW VERSION LINK: https://repo1.maven.org/maven2/org/opendaylight/odlparent/feature-repo-parent/
('PARENT-GROUP ID:', 'org.opendaylight.odlparent', 'ARTIFACT ID:', 'feature-repo-parent', 'VERSION:', '12.0.1', 'NEW VERSION:', '12.0.1')
****************************************************************************************************
XML FILE: repos/yangtools/features/odl-yangtools-data/pom.xml
NEW VERSION LINK: https://repo1.maven.org/maven2/org/opendaylight/odlparent/single-feature-parent/
('PARENT-GROUP ID:', 'org.opendaylight.odlparent', 'ARTIFACT ID:', 'single-feature-parent', 'VERSION:', '12.0.1', 'NEW VERSION:', '12.0.1')
****************************************************************************************************
XML FILE: repos/yangtools/features/odl-yangtools-parser-api/pom.xml
NEW VERSION LINK: https://repo1.maven.org/maven2/org/opendaylight/odlparent/single-feature-parent/
('PARENT-GROUP ID:', 'org.opendaylight.odlparent', 'ARTIFACT ID:', 'single-feature-parent', 'VERSION:', '12.0.1', 'NEW VERSION:', '12.0.1')
****************************************************************************************************
XML FILE: repos/yangtools/features/odl-yangtools-xpath-api/pom.xml
NEW VERSION LINK: https://repo1.maven.org/maven2/org/opendaylight/odlparent/single-feature-parent/
('PARENT-GROUP ID:', 'org.opendaylight.odlparent', 'ARTIFACT ID:', 'single-feature-parent', 'VERSION:', '12.0.1', 'NEW VERSION:', '12.0.1')
****************************************************************************************************
XML FILE: repos/yangtools/features/odl-yangtools-xpath/pom.xml
NEW VERSION LINK: https://repo1.maven.org/maven2/org/opendaylight/odlparent/single-feature-parent/
('PARENT-GROUP ID:', 'org.opendaylight.odlparent', 'ARTIFACT ID:', 'single-feature-parent', 'VERSION:', '12.0.1', 'NEW VERSION:', '12.0.1')
****************************************************************************************************
XML FILE: repos/yangtools/features/odl-yangtools-export/pom.xml
NEW VERSION LINK: https://repo1.maven.org/maven2/org/opendaylight/odlparent/single-feature-parent/
('PARENT-GROUP ID:', 'org.opendaylight.odlparent', 'ARTIFACT ID:', 'single-feature-parent', 'VERSION:', '12.0.1', 'NEW VERSION:', '12.0.1')
****************************************************************************************************
XML FILE: repos/yangtools/features/odl-yangtools-common/pom.xml
NEW VERSION LINK: https://repo1.maven.org/maven2/org/opendaylight/odlparent/single-feature-parent/
('PARENT-GROUP ID:', 'org.opendaylight.odlparent', 'ARTIFACT ID:', 'single-feature-parent', 'VERSION:', '12.0.1', 'NEW VERSION:', '12.0.1')
****************************************************************************************************
XML FILE: repos/yangtools/features/odl-yangtools-data-api/pom.xml
NEW VERSION LINK: https://repo1.maven.org/maven2/org/opendaylight/odlparent/single-feature-parent/
('PARENT-GROUP ID:', 'org.opendaylight.odlparent', 'ARTIFACT ID:', 'single-feature-parent', 'VERSION:', '12.0.1', 'NEW VERSION:', '12.0.1')
****************************************************************************************************
XML FILE: repos/yangtools/features/odl-yangtools-parser/pom.xml
NEW VERSION LINK: https://repo1.maven.org/maven2/org/opendaylight/odlparent/single-feature-parent/
('PARENT-GROUP ID:', 'org.opendaylight.odlparent', 'ARTIFACT ID:', 'single-feature-parent', 'VERSION:', '12.0.1', 'NEW VERSION:', '12.0.1')
****************************************************************************************************
XML FILE: repos/yangtools/features/odl-yangtools-netty/pom.xml
NEW VERSION LINK: https://repo1.maven.org/maven2/org/opendaylight/odlparent/single-feature-parent/
('PARENT-GROUP ID:', 'org.opendaylight.odlparent', 'ARTIFACT ID:', 'single-feature-parent', 'VERSION:', '12.0.1', 'NEW VERSION:', '12.0.1')
****************************************************************************************************
XML FILE: repos/yangtools/features/odl-yangtools-codec/pom.xml
NEW VERSION LINK: https://repo1.maven.org/maven2/org/opendaylight/odlparent/single-feature-parent/
('PARENT-GROUP ID:', 'org.opendaylight.odlparent', 'ARTIFACT ID:', 'single-feature-parent', 'VERSION:', '12.0.1', 'NEW VERSION:', '12.0.1')
****************************************************************************************************
XML FILE: repos/yangtools/features/odl-yangtools-util/pom.xml
NEW VERSION LINK: https://repo1.maven.org/maven2/org/opendaylight/odlparent/single-feature-parent/
('PARENT-GROUP ID:', 'org.opendaylight.odlparent', 'ARTIFACT ID:', 'single-feature-parent', 'VERSION:', '12.0.1', 'NEW VERSION:', '12.0.1')
****************************************************************************************************
XML FILE: repos/yangtools/bundle-parent/pom.xml
NEW VERSION LINK: https://repo1.maven.org/maven2/org/opendaylight/odlparent/bundle-parent/
('PARENT-GROUP ID:', 'org.opendaylight.odlparent', 'ARTIFACT ID:', 'bundle-parent', 'VERSION:', '12.0.1', 'NEW VERSION:', '12.0.1')
****************************************************************************************************
XML FILE: repos/yangtools/karaf/pom.xml
NEW VERSION LINK: https://repo1.maven.org/maven2/org/opendaylight/odlparent/karaf4-parent/
('PARENT-GROUP ID:', 'org.opendaylight.odlparent', 'ARTIFACT ID:', 'karaf4-parent', 'VERSION:', '12.0.1', 'NEW VERSION:', '12.0.1')
****************************************************************************************************
XML FILE: repos/yangtools/artifacts/pom.xml
NEW VERSION LINK: https://repo1.maven.org/maven2/org/opendaylight/odlparent/odlparent-lite/
('PARENT-GROUP ID:', 'org.opendaylight.odlparent', 'ARTIFACT ID:', 'odlparent-lite', 'VERSION:', '12.0.1', 'NEW VERSION:', '12.0.1')
****************************************************************************************************
XML FILE: repos/yangtools/common/pom.xml
NEW VERSION LINK: https://repo1.maven.org/maven2/org/opendaylight/odlparent/odlparent-lite/
('PARENT-GROUP ID:', 'org.opendaylight.odlparent', 'ARTIFACT ID:', 'odlparent-lite', 'VERSION:', '12.0.1', 'NEW VERSION:', '12.0.1')
****************************************************************************************************
XML FILE: repos/yangtools/common/mockito-configuration/pom.xml
NEW VERSION LINK: https://repo1.maven.org/maven2/org/opendaylight/odlparent/odlparent/
('PARENT-GROUP ID:', 'org.opendaylight.odlparent', 'ARTIFACT ID:', 'odlparent', 'VERSION:', '12.0.1', 'NEW VERSION:', '12.0.1')
****************************************************************************************************
XML FILE: repos/yangtools/common/testutils/pom.xml
NEW VERSION LINK: https://repo1.maven.org/maven2/org/opendaylight/odlparent/bundle-parent/
('PARENT-GROUP ID:', 'org.opendaylight.odlparent', 'ARTIFACT ID:', 'bundle-parent', 'VERSION:', '12.0.1', 'NEW VERSION:', '12.0.1')
****************************************************************************************************
XML FILE: repos/yangtools/plugin/pom.xml
NEW VERSION LINK: https://repo1.maven.org/maven2/org/opendaylight/odlparent/odlparent-lite/
('PARENT-GROUP ID:', 'org.opendaylight.odlparent', 'ARTIFACT ID:', 'odlparent-lite', 'VERSION:', '12.0.1', 'NEW VERSION:', '12.0.1')
****************************************************************************************************
XML FILE: repos/yangtools/plugin/yang-maven-plugin-it/pom.xml
NEW VERSION LINK: https://repo1.maven.org/maven2/org/opendaylight/odlparent/odlparent/
('PARENT-GROUP ID:', 'org.opendaylight.odlparent', 'ARTIFACT ID:', 'odlparent', 'VERSION:', '12.0.1', 'NEW VERSION:', '12.0.1')
****************************************************************************************************
XML FILE: repos/yangtools/plugin/yang-maven-plugin-it/src/test/resources/test-parent/Correct/pom.xml
NEW VERSION LINK: https://repo1.maven.org/maven2/org/opendaylight/yangtools/test-parent/
('PARENT-GROUP ID:', 'org.opendaylight.yangtools', 'ARTIFACT ID:', 'test-parent', 'VERSION:', '@project.version@', 'NEW VERSION:', 'NOT FOUND')
****************************************************************************************************
XML FILE: repos/yangtools/plugin/yang-maven-plugin-it/src/test/resources/test-parent/MissingYangInDep/pom.xml
NEW VERSION LINK: https://repo1.maven.org/maven2/org/opendaylight/yangtools/test-parent/
('PARENT-GROUP ID:', 'org.opendaylight.yangtools', 'ARTIFACT ID:', 'test-parent', 'VERSION:', '@project.version@', 'NEW VERSION:', 'NOT FOUND')
****************************************************************************************************
XML FILE: repos/yangtools/plugin/yang-maven-plugin-it/src/test/resources/test-parent/FileGenerator/pom.xml
NEW VERSION LINK: https://repo1.maven.org/maven2/org/opendaylight/yangtools/test-parent/
('PARENT-GROUP ID:', 'org.opendaylight.yangtools', 'ARTIFACT ID:', 'test-parent', 'VERSION:', '@project.version@', 'NEW VERSION:', 'NOT FOUND')
****************************************************************************************************
XML FILE: repos/yangtools/plugin/yang-maven-plugin-it/src/test/resources/test-parent/GenerateTest2/pom.xml
NEW VERSION LINK: https://repo1.maven.org/maven2/org/opendaylight/yangtools/test-parent/
('PARENT-GROUP ID:', 'org.opendaylight.yangtools', 'ARTIFACT ID:', 'test-parent', 'VERSION:', '@project.version@', 'NEW VERSION:', 'NOT FOUND')
****************************************************************************************************
XML FILE: repos/yangtools/plugin/yang-maven-plugin-it/src/test/resources/test-parent/InvalidVersion/pom.xml
NEW VERSION LINK: https://repo1.maven.org/maven2/org/opendaylight/yangtools/test-parent/
('PARENT-GROUP ID:', 'org.opendaylight.yangtools', 'ARTIFACT ID:', 'test-parent', 'VERSION:', '@project.version@', 'NEW VERSION:', 'NOT FOUND')
****************************************************************************************************
XML FILE: repos/yangtools/plugin/yang-maven-plugin-it/src/test/resources/test-parent/InvalidVersion/pom.xml
NEW VERSION LINK: https://repo1.maven.org/maven2/org/opendaylight/yangtools/yang-common/
('DEPENDENCY-GROUP ID:', 'org.opendaylight.yangtools', 'ARTIFACT ID:', 'yang-common', 'VERSION:', '0.6.1', 'NEW VERSION:', '10.0.2')
****************************************************************************************************
XML FILE: repos/yangtools/plugin/yang-maven-plugin-it/src/test/resources/test-parent/NoOutputDir/pom.xml
NEW VERSION LINK: https://repo1.maven.org/maven2/org/opendaylight/yangtools/test-parent/
('PARENT-GROUP ID:', 'org.opendaylight.yangtools', 'ARTIFACT ID:', 'test-parent', 'VERSION:', '@project.version@', 'NEW VERSION:', 'NOT FOUND')
****************************************************************************************************
XML FILE: repos/yangtools/plugin/yang-maven-plugin-it/src/test/resources/test-parent/UnknownGenerator/pom.xml
NEW VERSION LINK: https://repo1.maven.org/maven2/org/opendaylight/yangtools/test-parent/
('PARENT-GROUP ID:', 'org.opendaylight.yangtools', 'ARTIFACT ID:', 'test-parent', 'VERSION:', '@project.version@', 'NEW VERSION:', 'NOT FOUND')
****************************************************************************************************
XML FILE: repos/yangtools/plugin/yang-maven-plugin-it/src/test/resources/test-parent/GenerateTest1/pom.xml
NEW VERSION LINK: https://repo1.maven.org/maven2/org/opendaylight/yangtools/test-parent/
('PARENT-GROUP ID:', 'org.opendaylight.yangtools', 'ARTIFACT ID:', 'test-parent', 'VERSION:', '@project.version@', 'NEW VERSION:', 'NOT FOUND')
****************************************************************************************************
XML FILE: repos/yangtools/plugin/yang-maven-plugin-it/src/test/resources/test-parent/AdditionalConfig/pom.xml
NEW VERSION LINK: https://repo1.maven.org/maven2/org/opendaylight/yangtools/test-parent/
('PARENT-GROUP ID:', 'org.opendaylight.yangtools', 'ARTIFACT ID:', 'test-parent', 'VERSION:', '@project.version@', 'NEW VERSION:', 'NOT FOUND')
****************************************************************************************************
XML FILE: repos/yangtools/plugin/yang-maven-plugin-it/src/test/resources/test-parent/NoYangFiles/pom.xml
NEW VERSION LINK: https://repo1.maven.org/maven2/org/opendaylight/yangtools/test-parent/
('PARENT-GROUP ID:', 'org.opendaylight.yangtools', 'ARTIFACT ID:', 'test-parent', 'VERSION:', '@project.version@', 'NEW VERSION:', 'NOT FOUND')
****************************************************************************************************
XML FILE: repos/yangtools/plugin/yang-maven-plugin-it/src/test/resources/test-parent/YangRootNotExist/pom.xml
NEW VERSION LINK: https://repo1.maven.org/maven2/org/opendaylight/yangtools/test-parent/
('PARENT-GROUP ID:', 'org.opendaylight.yangtools', 'ARTIFACT ID:', 'test-parent', 'VERSION:', '@project.version@', 'NEW VERSION:', 'NOT FOUND')
****************************************************************************************************
XML FILE: repos/yangtools/plugin/yang-maven-plugin-it/src/test/resources/test-parent/Generator/pom.xml
NEW VERSION LINK: https://repo1.maven.org/maven2/org/opendaylight/yangtools/test-parent/
('PARENT-GROUP ID:', 'org.opendaylight.yangtools', 'ARTIFACT ID:', 'test-parent', 'VERSION:', '@project.version@', 'NEW VERSION:', 'NOT FOUND')
****************************************************************************************************
XML FILE: repos/yangtools/plugin/yang-maven-plugin-it/src/test/resources/test-parent/NoGenerators/pom.xml
NEW VERSION LINK: https://repo1.maven.org/maven2/org/opendaylight/yangtools/test-parent/
('PARENT-GROUP ID:', 'org.opendaylight.yangtools', 'ARTIFACT ID:', 'test-parent', 'VERSION:', '@project.version@', 'NEW VERSION:', 'NOT FOUND')
****************************************************************************************************
XML FILE: repos/yangtools/plugin/yang-maven-plugin/pom.xml
NEW VERSION LINK: https://repo1.maven.org/maven2/org/opendaylight/odlparent/odlparent/
('PARENT-GROUP ID:', 'org.opendaylight.odlparent', 'ARTIFACT ID:', 'odlparent', 'VERSION:', '12.0.1', 'NEW VERSION:', '12.0.1')
****************************************************************************************************
XML FILE: repos/yangtools/parser/pom.xml
NEW VERSION LINK: https://repo1.maven.org/maven2/org/opendaylight/odlparent/odlparent-lite/
('PARENT-GROUP ID:', 'org.opendaylight.odlparent', 'ARTIFACT ID:', 'odlparent-lite', 'VERSION:', '12.0.1', 'NEW VERSION:', '12.0.1')
****************************************************************************************************
XML FILE: repos/yangtools/benchmarks/pom.xml
NEW VERSION LINK: https://repo1.maven.org/maven2/org/opendaylight/odlparent/odlparent/
('PARENT-GROUP ID:', 'org.opendaylight.odlparent', 'ARTIFACT ID:', 'odlparent', 'VERSION:', '12.0.1', 'NEW VERSION:', '12.0.1')
****************************************************************************************************
XML FILE: repos/yangtools/benchmarks/pom.xml
NEW VERSION LINK: https://repo1.maven.org/maven2/org/opendaylight/yangtools/yang-data-tree-ri/
('DEPENDENCY-GROUP ID:', 'org.opendaylight.yangtools', 'ARTIFACT ID:', 'yang-data-tree-ri', 'VERSION:', '10.0.3-SNAPSHOT', 'NEW VERSION:', '10.0.2')
****************************************************************************************************
XML FILE: repos/yangtools/benchmarks/pom.xml
NEW VERSION LINK: https://repo1.maven.org/maven2/org/opendaylight/yangtools/yang-test-util/
('DEPENDENCY-GROUP ID:', 'org.opendaylight.yangtools', 'ARTIFACT ID:', 'yang-test-util', 'VERSION:', '10.0.3-SNAPSHOT', 'NEW VERSION:', '10.0.2')
****************************************************************************************************
XML FILE: repos/yangtools/data/pom.xml
NEW VERSION LINK: https://repo1.maven.org/maven2/org/opendaylight/odlparent/odlparent-lite/
('PARENT-GROUP ID:', 'org.opendaylight.odlparent', 'ARTIFACT ID:', 'odlparent-lite', 'VERSION:', '12.0.1', 'NEW VERSION:', '12.0.1')
****************************************************************************************************
